mode: set
github.com/onion0904/app/usecase/user/check_exist_user.go:14.26,18.2 1 1
github.com/onion0904/app/usecase/user/check_exist_user.go:20.103,22.16 2 1
github.com/onion0904/app/usecase/user/check_exist_user.go:22.16,25.6 1 1
github.com/onion0904/app/usecase/user/check_exist_user.go:26.2,26.18 1 1
github.com/onion0904/app/usecase/user/delete_user.go:14.18,18.2 1 1
github.com/onion0904/app/usecase/user/delete_user.go:20.68,22.16 2 1
github.com/onion0904/app/usecase/user/delete_user.go:22.16,24.3 1 1
github.com/onion0904/app/usecase/user/delete_user.go:25.2,25.12 1 1
github.com/onion0904/app/usecase/user/find_user.go:15.20,19.2 1 1
github.com/onion0904/app/usecase/user/find_user.go:34.93,36.16 2 1
github.com/onion0904/app/usecase/user/find_user.go:36.16,38.3 1 0
github.com/onion0904/app/usecase/user/find_user.go:39.2,50.8 1 1
github.com/onion0904/app/usecase/user/find_user_by_email_password.go:15.35,19.2 1 1
github.com/onion0904/app/usecase/user/find_user_by_email_password.go:34.135,36.16 2 1
github.com/onion0904/app/usecase/user/find_user_by_email_password.go:36.16,38.3 1 0
github.com/onion0904/app/usecase/user/find_user_by_email_password.go:39.2,50.8 1 1
github.com/onion0904/app/usecase/user/save_user.go:14.16,18.2 1 1
github.com/onion0904/app/usecase/user/save_user.go:28.97,31.16 2 1
github.com/onion0904/app/usecase/user/save_user.go:31.16,33.3 1 0
github.com/onion0904/app/usecase/user/save_user.go:34.2,35.16 2 1
github.com/onion0904/app/usecase/user/save_user.go:35.16,37.3 1 0
github.com/onion0904/app/usecase/user/save_user.go:38.2,39.16 2 1
github.com/onion0904/app/usecase/user/save_user.go:39.16,41.3 1 0
github.com/onion0904/app/usecase/user/save_user.go:42.2,53.8 1 1
github.com/onion0904/app/usecase/user/update_user.go:14.18,18.2 1 1
github.com/onion0904/app/usecase/user/update_user.go:27.112,29.16 2 1
github.com/onion0904/app/usecase/user/update_user.go:29.16,31.6 1 0
github.com/onion0904/app/usecase/user/update_user.go:32.2,33.16 2 1
github.com/onion0904/app/usecase/user/update_user.go:33.16,35.3 1 0
github.com/onion0904/app/usecase/user/update_user.go:36.2,37.16 2 1
github.com/onion0904/app/usecase/user/update_user.go:37.16,39.3 1 0
github.com/onion0904/app/usecase/user/update_user.go:40.2,41.16 2 1
github.com/onion0904/app/usecase/user/update_user.go:41.16,43.3 1 0
github.com/onion0904/app/usecase/user/update_user.go:44.2,55.8 1 1
